#
# There is insufficient memory for the Java Runtime Environment to continue.
# Native memory allocation (malloc) failed to allocate 1371216 bytes for Chunk::new
# Possible reasons:
#   The system is out of physical RAM or swap space
#   The process is running with CompressedOops enabled, and the Java Heap may be blocking the growth of the native heap
# Possible solutions:
#   Reduce memory load on the system
#   Increase physical memory or swap space
#   Check if swap backing store is full
#   Decrease Java heap size (-Xmx/-Xms)
#   Decrease number of Java threads
#   Decrease Java thread stack sizes (-Xss)
#   Set larger code cache with -XX:ReservedCodeCacheSize=
#   JVM is running with Unscaled Compressed Oops mode in which the Java heap is
#     placed in the first 4GB address space. The Java Heap base address is the
#     maximum limit for the native heap growth. Please use -XX:HeapBaseMinAddress
#     to set the Java Heap base and to place the Java Heap above 4GB virtual address.
# This output file may be truncated or incomplete.
#
#  Out of Memory Error (./src/hotspot/share/memory/arena.cpp:197), pid=4420, tid=11052
#
# JRE version: OpenJDK Runtime Environment (11.0.13) (build 11.0.13+0-b1751.21-8125866)
# Java VM: OpenJDK 64-Bit Server VM (11.0.13+0-b1751.21-8125866, mixed mode, tiered, compressed oops, g1 gc, windows-amd64)
# No core dump will be written. Minidumps are not enabled by default on client versions of Windows
#

---------------  S U M M A R Y ------------

Command Line: --add-opens=java.base/java.util=ALL-UNNAMED --add-opens=java.base/java.lang=ALL-UNNAMED --add-opens=java.base/java.lang.invoke=ALL-UNNAMED --add-opens=java.base/java.util=ALL-UNNAMED --add-opens=java.prefs/java.util.prefs=ALL-UNNAMED --add-opens=java.prefs/java.util.prefs=ALL-UNNAMED --add-opens=java.base/java.nio.charset=ALL-UNNAMED --add-opens=java.base/java.net=ALL-UNNAMED --add-opens=java.base/java.util.concurrent.atomic=ALL-UNNAMED -Xmx2048m -Dfile.encoding=UTF-8 -Duser.country=US -Duser.language=en -Duser.variant org.gradle.launcher.daemon.bootstrap.GradleDaemon 7.4

Host: 11th Gen Intel(R) Core(TM) i5-1135G7 @ 2.40GHz, 8 cores, 7G,  Windows 10 , 64 bit Build 19041 (10.0.19041.1889)
Time: Tue Oct  4 20:09:11 2022 Central Daylight Time elapsed time: 4.442475 seconds (0d 0h 0m 4s)

---------------  T H R E A D  ---------------

Current thread (0x0000023c9a0fc000):  JavaThread "C2 CompilerThread0" daemon [_thread_in_native, id=11052, stack(0x00000072e9700000,0x00000072e9800000)]


Current CompileTask:
C2:   4442 2278   !   4       java.net.URL::<init> (543 bytes)

Stack: [0x00000072e9700000,0x00000072e9800000]
Native frames: (J=compiled Java code, j=interpreted, Vv=VM code, C=native code)
V  [jvm.dll+0x6100fa]
V  [jvm.dll+0x747090]
V  [jvm.dll+0x7486ad]
V  [jvm.dll+0x748d83]
V  [jvm.dll+0x24ab48]
V  [jvm.dll+0xc04dc]
V  [jvm.dll+0xc0a0c]
V  [jvm.dll+0x35eb5b]
V  [jvm.dll+0x32b833]
V  [jvm.dll+0x32ad2a]
V  [jvm.dll+0x2032b2]
V  [jvm.dll+0x202437]
V  [jvm.dll+0x188e01]
V  [jvm.dll+0x21106b]
V  [jvm.dll+0x20f8c1]
V  [jvm.dll+0x70de0f]
V  [jvm.dll+0x706a75]
V  [jvm.dll+0x60ed66]
C  [ucrtbase.dll+0x21bb2]
C  [KERNEL32.DLL+0x17034]
C  [ntdll.dll+0x526a1]


---------------  P R O C E S S  ---------------

Threads class SMR info:
_java_thread_list=0x0000023c9d18cd40, length=27, elements={
0x0000023cff25e800, 0x0000023c99776000, 0x0000023c99777000, 0x0000023c9a0f5800,
0x0000023c9a0f6800, 0x0000023c9a0f8000, 0x0000023c9a0fc000, 0x0000023c9a0ff000,
0x0000023c9a102800, 0x0000023c9a254000, 0x0000023c9bc7e800, 0x0000023c9c585000,
0x0000023c9b209800, 0x0000023c9ba8b000, 0x0000023c9bea9800, 0x0000023c9c907000,
0x0000023c9b68b000, 0x0000023c9c8c8000, 0x0000023c9c8c8800, 0x0000023c9c726800,
0x0000023c9b67d000, 0x0000023c9b67e000, 0x0000023c9b67f800, 0x0000023c9b67e800,
0x0000023c9b680800, 0x0000023c9b681000, 0x0000023c9b682000
}

Java Threads: ( => current thread )
  0x0000023cff25e800 JavaThread "main" [_thread_blocked, id=11196, stack(0x00000072e8b00000,0x00000072e8c00000)]
  0x0000023c99776000 JavaThread "Reference Handler" daemon [_thread_blocked, id=11184, stack(0x00000072e9200000,0x00000072e9300000)]
  0x0000023c99777000 JavaThread "Finalizer" daemon [_thread_blocked, id=10892, stack(0x00000072e9300000,0x00000072e9400000)]
  0x0000023c9a0f5800 JavaThread "Signal Dispatcher" daemon [_thread_blocked, id=11116, stack(0x00000072e9400000,0x00000072e9500000)]
  0x0000023c9a0f6800 JavaThread "Attach Listener" daemon [_thread_blocked, id=11164, stack(0x00000072e9500000,0x00000072e9600000)]
  0x0000023c9a0f8000 JavaThread "Service Thread" daemon [_thread_blocked, id=10692, stack(0x00000072e9600000,0x00000072e9700000)]
=>0x0000023c9a0fc000 JavaThread "C2 CompilerThread0" daemon [_thread_in_native, id=11052, stack(0x00000072e9700000,0x00000072e9800000)]
  0x0000023c9a0ff000 JavaThread "C1 CompilerThread0" daemon [_thread_blocked, id=10552, stack(0x00000072e9800000,0x00000072e9900000)]
  0x0000023c9a102800 JavaThread "Sweeper thread" daemon [_thread_blocked, id=10852, stack(0x00000072e9900000,0x00000072e9a00000)]
  0x0000023c9a254000 JavaThread "Common-Cleaner" daemon [_thread_blocked, id=11480, stack(0x00000072e9a00000,0x00000072e9b00000)]
  0x0000023c9bc7e800 JavaThread "Daemon health stats" [_thread_blocked, id=13204, stack(0x00000072ea000000,0x00000072ea100000)]
  0x0000023c9c585000 JavaThread "Incoming local TCP Connector on port 49879" [_thread_in_native, id=5108, stack(0x00000072e9c00000,0x00000072e9d00000)]
  0x0000023c9b209800 JavaThread "Daemon periodic checks" [_thread_blocked, id=7004, stack(0x00000072e9f00000,0x00000072ea000000)]
  0x0000023c9ba8b000 JavaThread "Daemon" [_thread_blocked, id=12128, stack(0x00000072ea100000,0x00000072ea200000)]
  0x0000023c9bea9800 JavaThread "Handler for socket connection from /127.0.0.1:49879 to /127.0.0.1:49880" [_thread_in_native, id=12724, stack(0x00000072ea200000,0x00000072ea300000)]
  0x0000023c9c907000 JavaThread "Cancel handler" [_thread_blocked, id=5672, stack(0x00000072ea300000,0x00000072ea400000)]
  0x0000023c9b68b000 JavaThread "Daemon worker" [_thread_in_vm, id=9380, stack(0x00000072ea400000,0x00000072ea500000)]
  0x0000023c9c8c8000 JavaThread "Asynchronous log dispatcher for DefaultDaemonConnection: socket connection from /127.0.0.1:49879 to /127.0.0.1:49880" [_thread_blocked, id=4872, stack(0x00000072ea500000,0x00000072ea600000)]
  0x0000023c9c8c8800 JavaThread "Stdin handler" [_thread_blocked, id=6276, stack(0x00000072ea600000,0x00000072ea700000)]
  0x0000023c9c726800 JavaThread "Daemon client event forwarder" [_thread_blocked, id=7092, stack(0x00000072ea700000,0x00000072ea800000)]
  0x0000023c9b67d000 JavaThread "Cache worker for journal cache (C:\Users\Lenovo\.gradle\caches\journal-1)" [_thread_blocked, id=6960, stack(0x00000072ead00000,0x00000072eae00000)]
  0x0000023c9b67e000 JavaThread "File lock request listener" [_thread_in_native, id=5700, stack(0x00000072eae00000,0x00000072eaf00000)]
  0x0000023c9b67f800 JavaThread "Cache worker for file hash cache (C:\Users\Lenovo\.gradle\caches\7.4\fileHashes)" [_thread_blocked, id=10720, stack(0x00000072eaf00000,0x00000072eb000000)]
  0x0000023c9b67e800 JavaThread "File watcher server" daemon [_thread_in_native, id=8700, stack(0x00000072eb100000,0x00000072eb200000)]
  0x0000023c9b680800 JavaThread "File watcher consumer" daemon [_thread_blocked, id=9088, stack(0x00000072eb200000,0x00000072eb300000)]
  0x0000023c9b681000 JavaThread "Cache worker for checksums cache (E:\All\University-MIU\Courses\7-MD\Assignments\assignment2\MyApplication\.gradle\7.4\checksums)" [_thread_blocked, id=8508, stack(0x00000072eb300000,0x00000072eb400000)]
  0x0000023c9b682000 JavaThread "Cache worker for cache directory md-rule (C:\Users\Lenovo\.gradle\caches\7.4\md-rule)" [_thread_blocked, id=15216, stack(0x00000072eb400000,0x00000072eb500000)]

Other Threads:
  0x0000023c99772000 VMThread "VM Thread" [stack: 0x00000072e9100000,0x00000072e9200000] [id=11104]
  0x0000023c9a269000 WatcherThread [stack: 0x00000072e9b00000,0x00000072e9c00000] [id=11088]
  0x0000023cff278000 GCTaskThread "GC Thread#0" [stack: 0x00000072e8c00000,0x00000072e8d00000] [id=11152]
  0x0000023c9afc9000 GCTaskThread "GC Thread#1" [stack: 0x00000072e9d00000,0x00000072e9e00000] [id=12460]
  0x0000023c9a838000 GCTaskThread "GC Thread#2" [stack: 0x00000072e9e00000,0x00000072e9f00000] [id=12340]
  0x0000023c9b454800 GCTaskThread "GC Thread#3" [stack: 0x00000072ea800000,0x00000072ea900000] [id=13236]
  0x0000023c9ba2c800 GCTaskThread "GC Thread#4" [stack: 0x00000072ea900000,0x00000072eaa00000] [id=14404]
  0x0000023c9bf4c800 GCTaskThread "GC Thread#5" [stack: 0x00000072eaa00000,0x00000072eab00000] [id=3016]
  0x0000023c9bf4d800 GCTaskThread "GC Thread#6" [stack: 0x00000072eab00000,0x00000072eac00000] [id=7300]
  0x0000023c9bf48000 GCTaskThread "GC Thread#7" [stack: 0x00000072eac00000,0x00000072ead00000] [id=12824]
  0x0000023cff2a9800 ConcurrentGCThread "G1 Main Marker" [stack: 0x00000072e8d00000,0x00000072e8e00000] [id=11148]
  0x0000023cff2aa800 ConcurrentGCThread "G1 Conc#0" [stack: 0x00000072e8e00000,0x00000072e8f00000] [id=11140]
  0x0000023c9c866800 ConcurrentGCThread "G1 Conc#1" [stack: 0x00000072eb000000,0x00000072eb100000] [id=7940]
  0x0000023cff338800 ConcurrentGCThread "G1 Refine#0" [stack: 0x00000072e8f00000,0x00000072e9000000] [id=11124]
  0x0000023c995c0800 ConcurrentGCThread "G1 Young RemSet Sampling" [stack: 0x00000072e9000000,0x00000072e9100000] [id=11188]

Threads with active compile tasks:
C2 CompilerThread0   4465 2278   !   4       java.net.URL::<init> (543 bytes)

VM state:not at safepoint (normal execution)

VM Mutex/Monitor currently owned by a thread: None

Heap address: 0x0000000080000000, size: 2048 MB, Compressed Oops mode: 32-bit
Narrow klass base: 0x0000000000000000, Narrow klass shift: 3
Compressed class space size: 1073741824 Address: 0x0000000100000000

Heap:
 garbage-first heap   total 129024K, used 30740K [0x0000000080000000, 0x0000000100000000)
  region size 1024K, 16 young (16384K), 4 survivors (4096K)
 Metaspace       used 27926K, capacity 28561K, committed 28800K, reserved 1075200K
  class space    used 3642K, capacity 3876K, committed 3968K, reserved 1048576K
Heap Regions: E=young(eden), S=young(survivor), O=old, HS=humongous(starts), HC=humongous(continues), CS=collection set, F=free, A=archive, TAMS=top-at-mark-start (previous, next)
|   0|0x0000000080000000, 0x0000000080100000, 0x0000000080100000|100%| O|  |TAMS 0x0000000080100000, 0x0000000080000000| Untracked 
|   1|0x0000000080100000, 0x0000000080200000, 0x0000000080200000|100%| O|  |TAMS 0x0000000080200000, 0x0000000080100000| Untracked 
|   2|0x0000000080200000, 0x0000000080300000, 0x0000000080300000|100%| O|  |TAMS 0x0000000080300000, 0x0000000080200000| Untracked 
|   3|0x0000000080300000, 0x0000000080400000, 0x0000000080400000|100%|HS|  |TAMS 0x0000000080400000, 0x0000000080300000| Complete 
|   4|0x0000000080400000, 0x0000000080500000, 0x0000000080500000|100%|HC|  |TAMS 0x0000000080500000, 0x0000000080400000| Complete 
|   5|0x0000000080500000, 0x0000000080600000, 0x0000000080600000|100%|HC|  |TAMS 0x0000000080600000, 0x0000000080500000| Complete 
|   6|0x0000000080600000, 0x0000000080700000, 0x0000000080700000|100%| O|  |TAMS 0x0000000080700000, 0x0000000080600000| Untracked 
|   7|0x0000000080700000, 0x0000000080800000, 0x0000000080800000|100%| O|  |TAMS 0x0000000080800000, 0x0000000080700000| Untracked 
|   8|0x0000000080800000, 0x0000000080900000, 0x0000000080900000|100%| O|  |TAMS 0x0000000080900000, 0x0000000080800000| Untracked 
|   9|0x0000000080900000, 0x0000000080a00000, 0x0000000080a00000|100%| O|  |TAMS 0x0000000080a00000, 0x0000000080900000| Untracked 
|  10|0x0000000080a00000, 0x0000000080b00000, 0x0000000080b00000|100%| O|  |TAMS 0x0000000080b00000, 0x0000000080a00000| Untracked 
|  11|0x0000000080b00000, 0x0000000080c00000, 0x0000000080c00000|100%| O|  |TAMS 0x0000000080c00000, 0x0000000080b00000| Untracked 
|  12|0x0000000080c00000, 0x0000000080d00000, 0x0000000080d00000|100%| O|  |TAMS 0x0000000080d00000, 0x0000000080c00000| Untracked 
|  13|0x0000000080d00000, 0x0000000080e00000, 0x0000000080e00000|100%| O|  |TAMS 0x0000000080e00000, 0x0000000080d00000| Untracked 
|  14|0x0000000080e00000, 0x0000000080f00000, 0x0000000080f00000|100%| O|  |TAMS 0x0000000080f00000, 0x0000000080e00000| Untracked 
|  15|0x0000000080f00000, 0x0000000080fd5600, 0x0000000081000000| 83%| O|  |TAMS 0x0000000080fd5600, 0x0000000080f00000| Untracked 
|  16|0x0000000081000000, 0x0000000081000000, 0x0000000081100000|  0%| F|  |TAMS 0x0000000081000000, 0x0000000081000000| Untracked 
|  17|0x0000000081100000, 0x0000000081100000, 0x0000000081200000|  0%| F|  |TAMS 0x0000000081100000, 0x0000000081100000| Untracked 
|  18|0x0000000081200000, 0x0000000081200000, 0x0000000081300000|  0%| F|  |TAMS 0x0000000081200000, 0x0000000081200000| Untracked 
|  19|0x0000000081300000, 0x0000000081300000, 0x0000000081400000|  0%| F|  |TAMS 0x0000000081300000, 0x0000000081300000| Untracked 
|  20|0x0000000081400000, 0x0000000081400000, 0x0000000081500000|  0%| F|  |TAMS 0x0000000081400000, 0x0000000081400000| Untracked 
|  21|0x0000000081500000, 0x0000000081500000, 0x0000000081600000|  0%| F|  |TAMS 0x0000000081500000, 0x0000000081500000| Untracked 
|  22|0x0000000081600000, 0x0000000081600000, 0x0000000081700000|  0%| F|  |TAMS 0x0000000081600000, 0x0000000081600000| Untracked 
|  23|0x0000000081700000, 0x0000000081700000, 0x0000000081800000|  0%| F|  |TAMS 0x0000000081700000, 0x0000000081700000| Untracked 
|  24|0x0000000081800000, 0x0000000081800000, 0x0000000081900000|  0%| F|  |TAMS 0x0000000081800000, 0x0000000081800000| Untracked 
|  25|0x0000000081900000, 0x0000000081900000, 0x0000000081a00000|  0%| F|  |TAMS 0x0000000081900000, 0x0000000081900000| Untracked 
|  26|0x0000000081a00000, 0x0000000081a00000, 0x0000000081b00000|  0%| F|  |TAMS 0x0000000081a00000, 0x0000000081a00000| Untracked 
|  27|0x0000000081b00000, 0x0000000081b00000, 0x0000000081c00000|  0%| F|  |TAMS 0x0000000081b00000, 0x0000000081b00000| Untracked 
|  28|0x0000000081c00000, 0x0000000081c00000, 0x0000000081d00000|  0%| F|  |TAMS 0x0000000081c00000, 0x0000000081c00000| Untracked 
|  29|0x0000000081d00000, 0x0000000081d00000, 0x0000000081e00000|  0%| F|  |TAMS 0x0000000081d00000, 0x0000000081d00000| Untracked 
|  30|0x0000000081e00000, 0x0000000081e00000, 0x0000000081f00000|  0%| F|  |TAMS 0x0000000081e00000, 0x0000000081e00000| Untracked 
|  31|0x0000000081f00000, 0x0000000081f00000, 0x0000000082000000|  0%| F|  |TAMS 0x0000000081f00000, 0x0000000081f00000| Untracked 
|  32|0x0000000082000000, 0x0000000082000000, 0x0000000082100000|  0%| F|  |TAMS 0x0000000082000000, 0x0000000082000000| Untracked 
|  33|0x0000000082100000, 0x0000000082100000, 0x0000000082200000|  0%| F|  |TAMS 0x0000000082100000, 0x0000000082100000| Untracked 
|  34|0x0000000082200000, 0x0000000082200000, 0x0000000082300000|  0%| F|  |TAMS 0x0000000082200000, 0x0000000082200000| Untracked 
|  35|0x0000000082300000, 0x0000000082300000, 0x0000000082400000|  0%| F|  |TAMS 0x0000000082300000, 0x0000000082300000| Untracked 
|  36|0x0000000082400000, 0x0000000082400000, 0x0000000082500000|  0%| F|  |TAMS 0x0000000082400000, 0x0000000082400000| Untracked 
|  37|0x0000000082500000, 0x0000000082500000, 0x0000000082600000|  0%| F|  |TAMS 0x0000000082500000, 0x0000000082500000| Untracked 
|  38|0x0000000082600000, 0x0000000082600000, 0x0000000082700000|  0%| F|  |TAMS 0x0000000082600000, 0x0000000082600000| Untracked 
|  39|0x0000000082700000, 0x0000000082700000, 0x0000000082800000|  0%| F|  |TAMS 0x0000000082700000, 0x0000000082700000| Untracked 
|  40|0x0000000082800000, 0x0000000082800000, 0x0000000082900000|  0%| F|  |TAMS 0x0000000082800000, 0x0000000082800000| Untracked 
|  41|0x0000000082900000, 0x0000000082900000, 0x0000000082a00000|  0%| F|  |TAMS 0x0000000082900000, 0x0000000082900000| Untracked 
|  42|0x0000000082a00000, 0x0000000082a00000, 0x0000000082b00000|  0%| F|  |TAMS 0x0000000082a00000, 0x0000000082a00000| Untracked 
|  43|0x0000000082b00000, 0x0000000082b00000, 0x0000000082c00000|  0%| F|  |TAMS 0x0000000082b00000, 0x0000000082b00000| Untracked 
|  44|0x0000000082c00000, 0x0000000082c00000, 0x0000000082d00000|  0%| F|  |TAMS 0x0000000082c00000, 0x0000000082c00000| Untracked 
|  45|0x0000000082d00000, 0x0000000082d00000, 0x0000000082e00000|  0%| F|  |TAMS 0x0000000082d00000, 0x0000000082d00000| Untracked 
|  46|0x0000000082e00000, 0x0000000082e00000, 0x0000000082f00000|  0%| F|  |TAMS 0x0000000082e00000, 0x0000000082e00000| Untracked 
|  47|0x0000000082f00000, 0x0000000082f00000, 0x0000000083000000|  0%| F|  |TAMS 0x0000000082f00000, 0x0000000082f00000| Untracked 
|  48|0x0000000083000000, 0x0000000083000000, 0x0000000083100000|  0%| F|  |TAMS 0x0000000083000000, 0x0000000083000000| Untracked 
|  49|0x0000000083100000, 0x0000000083100000, 0x0000000083200000|  0%| F|  |TAMS 0x0000000083100000, 0x0000000083100000| Untracked 
|  50|0x0000000083200000, 0x0000000083200000, 0x0000000083300000|  0%| F|  |TAMS 0x0000000083200000, 0x0000000083200000| Untracked 
|  51|0x0000000083300000, 0x0000000083300000, 0x0000000083400000|  0%| F|  |TAMS 0x0000000083300000, 0x0000000083300000| Untracked 
|  52|0x0000000083400000, 0x0000000083400000, 0x0000000083500000|  0%| F|  |TAMS 0x0000000083400000, 0x0000000083400000| Untracked 
|  53|0x0000000083500000, 0x0000000083500000, 0x0000000083600000|  0%| F|  |TAMS 0x0000000083500000, 0x0000000083500000| Untracked 
|  54|0x0000000083600000, 0x0000000083600000, 0x0000000083700000|  0%| F|  |TAMS 0x0000000083600000, 0x0000000083600000| Untracked 
|  55|0x0000000083700000, 0x0000000083700000, 0x0000000083800000|  0%| F|  |TAMS 0x0000000083700000, 0x0000000083700000| Untracked 
|  56|0x0000000083800000, 0x0000000083800000, 0x0000000083900000|  0%| F|  |TAMS 0x0000000083800000, 0x0000000083800000| Untracked 
|  57|0x0000000083900000, 0x0000000083900000, 0x0000000083a00000|  0%| F|  |TAMS 0x0000000083900000, 0x0000000083900000| Untracked 
|  58|0x0000000083a00000, 0x0000000083a00000, 0x0000000083b00000|  0%| F|  |TAMS 0x0000000083a00000, 0x0000000083a00000| Untracked 
|  59|0x0000000083b00000, 0x0000000083b00000, 0x0000000083c00000|  0%| F|  |TAMS 0x0000000083b00000, 0x0000000083b00000| Untracked 
|  60|0x0000000083c00000, 0x0000000083c00000, 0x0000000083d00000|  0%| F|  |TAMS 0x0000000083c00000, 0x0000000083c00000| Untracked 
|  61|0x0000000083d00000, 0x0000000083d2fce0, 0x0000000083e00000| 18%| S|CS|TAMS 0x0000000083d00000, 0x0000000083d00000| Complete 
|  62|0x0000000083e00000, 0x0000000083f00000, 0x0000000083f00000|100%| S|CS|TAMS 0x0000000083e00000, 0x0000000083e00000| Complete 
|  63|0x0000000083f00000, 0x0000000084000000, 0x0000000084000000|100%| S|CS|TAMS 0x0000000083f00000, 0x0000000083f00000| Complete 
|  64|0x0000000084000000, 0x0000000084100000, 0x0000000084100000|100%| S|CS|TAMS 0x0000000084000000, 0x0000000084000000| Complete 
|  65|0x0000000084100000, 0x0000000084100000, 0x0000000084200000|  0%| F|  |TAMS 0x0000000084100000, 0x0000000084100000| Untracked 
|  66|0x0000000084200000, 0x0000000084200000, 0x0000000084300000|  0%| F|  |TAMS 0x0000000084200000, 0x0000000084200000| Untracked 
|  67|0x0000000084300000, 0x0000000084300000, 0x0000000084400000|  0%| F|  |TAMS 0x0000000084300000, 0x0000000084300000| Untracked 
|  68|0x0000000084400000, 0x0000000084400000, 0x0000000084500000|  0%| F|  |TAMS 0x0000000084400000, 0x0000000084400000| Untracked 
|  69|0x0000000084500000, 0x0000000084500000, 0x0000000084600000|  0%| F|  |TAMS 0x0000000084500000, 0x0000000084500000| Untracked 
|  70|0x0000000084600000, 0x0000000084600000, 0x0000000084700000|  0%| F|  |TAMS 0x0000000084600000, 0x0000000084600000| Untracked 
|  71|0x0000000084700000, 0x0000000084700000, 0x0000000084800000|  0%| F|  |TAMS 0x0000000084700000, 0x0000000084700000| Untracked 
|  72|0x0000000084800000, 0x0000000084800000, 0x0000000084900000|  0%| F|  |TAMS 0x0000000084800000, 0x0000000084800000| Untracked 
|  73|0x0000000084900000, 0x0000000084900000, 0x0000000084a00000|  0%| F|  |TAMS 0x0000000084900000, 0x0000000084900000| Untracked 
|  74|0x0000000084a00000, 0x0000000084a00000, 0x0000000084b00000|  0%| F|  |TAMS 0x0000000084a00000, 0x0000000084a00000| Untracked 
|  75|0x0000000084b00000, 0x0000000084b00000, 0x0000000084c00000|  0%| F|  |TAMS 0x0000000084b00000, 0x0000000084b00000| Untracked 
|  76|0x0000000084c00000, 0x0000000084c00000, 0x0000000084d00000|  0%| F|  |TAMS 0x0000000084c00000, 0x0000000084c00000| Untracked 
|  77|0x0000000084d00000, 0x0000000084d00000, 0x0000000084e00000|  0%| F|  |TAMS 0x0000000084d00000, 0x0000000084d00000| Untracked 
|  78|0x0000000084e00000, 0x0000000084e00000, 0x0000000084f00000|  0%| F|  |TAMS 0x0000000084e00000, 0x0000000084e00000| Untracked 
|  79|0x0000000084f00000, 0x0000000084f00000, 0x0000000085000000|  0%| F|  |TAMS 0x0000000084f00000, 0x0000000084f00000| Untracked 
|  80|0x0000000085000000, 0x0000000085000000, 0x0000000085100000|  0%| F|  |TAMS 0x0000000085000000, 0x0000000085000000| Untracked 
|  81|0x0000000085100000, 0x0000000085100000, 0x0000000085200000|  0%| F|  |TAMS 0x0000000085100000, 0x0000000085100000| Untracked 
|  82|0x0000000085200000, 0x0000000085200000, 0x0000000085300000|  0%| F|  |TAMS 0x0000000085200000, 0x0000000085200000| Untracked 
|  83|0x0000000085300000, 0x0000000085300000, 0x0000000085400000|  0%| F|  |TAMS 0x0000000085300000, 0x0000000085300000| Untracked 
|  84|0x0000000085400000, 0x0000000085400000, 0x0000000085500000|  0%| F|  |TAMS 0x0000000085400000, 0x0000000085400000| Untracked 
|  85|0x0000000085500000, 0x0000000085500000, 0x0000000085600000|  0%| F|  |TAMS 0x0000000085500000, 0x0000000085500000| Untracked 
|  86|0x0000000085600000, 0x0000000085600000, 0x0000000085700000|  0%| F|  |TAMS 0x0000000085600000, 0x0000000085600000| Untracked 
|  87|0x0000000085700000, 0x0000000085700000, 0x0000000085800000|  0%| F|  |TAMS 0x0000000085700000, 0x0000000085700000| Untracked 
|  88|0x0000000085800000, 0x0000000085800000, 0x0000000085900000|  0%| F|  |TAMS 0x0000000085800000, 0x0000000085800000| Untracked 
|  89|0x0000000085900000, 0x0000000085900000, 0x0000000085a00000|  0%| F|  |TAMS 0x0000000085900000, 0x0000000085900000| Untracked 
|  90|0x0000000085a00000, 0x0000000085a00000, 0x0000000085b00000|  0%| F|  |TAMS 0x0000000085a00000, 0x0000000085a00000| Untracked 
|  91|0x0000000085b00000, 0x0000000085b00000, 0x0000000085c00000|  0%| F|  |TAMS 0x0000000085b00000, 0x0000000085b00000| Untracked 
|  92|0x0000000085c00000, 0x0000000085c00000, 0x0000000085d00000|  0%| F|  |TAMS 0x0000000085c00000, 0x0000000085c00000| Untracked 
|  93|0x0000000085d00000, 0x0000000085d00000, 0x0000000085e00000|  0%| F|  |TAMS 0x0000000085d00000, 0x0000000085d00000| Untracked 
|  94|0x0000000085e00000, 0x0000000085e00000, 0x0000000085f00000|  0%| F|  |TAMS 0x0000000085e00000, 0x0000000085e00000| Untracked 
|  95|0x0000000085f00000, 0x0000000085f00000, 0x0000000086000000|  0%| F|  |TAMS 0x0000000085f00000, 0x0000000085f00000| Untracked 
|  96|0x0000000086000000, 0x0000000086000000, 0x0000000086100000|  0%| F|  |TAMS 0x0000000086000000, 0x0000000086000000| Untracked 
|  97|0x0000000086100000, 0x0000000086100000, 0x0000000086200000|  0%| F|  |TAMS 0x0000000086100000, 0x0000000086100000| Untracked 
|  98|0x0000000086200000, 0x0000000086200000, 0x0000000086300000|  0%| F|  |TAMS 0x0000000086200000, 0x0000000086200000| Untracked 
|  99|0x0000000086300000, 0x0000000086300000, 0x0000000086400000|  0%| F|  |TAMS 0x0000000086300000, 0x0000000086300000| Untracked 
| 100|0x0000000086400000, 0x0000000086400000, 0x0000000086500000|  0%| F|  |TAMS 0x0000000086400000, 0x0000000086400000| Untracked 
| 101|0x0000000086500000, 0x0000000086500000, 0x0000000086600000|  0%| F|  |TAMS 0x0000000086500000, 0x0000000086500000| Untracked 
| 102|0x0000000086600000, 0x0000000086600000, 0x0000000086700000|  0%| F|  |TAMS 0x0000000086600000, 0x0000000086600000| Untracked 
| 103|0x0000000086700000, 0x0000000086700000, 0x0000000086800000|  0%| F|  |TAMS 0x0000000086700000, 0x0000000086700000| Untracked 
| 104|0x0000000086800000, 0x0000000086800000, 0x0000000086900000|  0%| F|  |TAMS 0x0000000086800000, 0x0000000086800000| Untracked 
| 105|0x0000000086900000, 0x0000000086900000, 0x0000000086a00000|  0%| F|  |TAMS 0x0000000086900000, 0x0000000086900000| Untracked 
| 106|0x0000000086a00000, 0x0000000086a00000, 0x0000000086b00000|  0%| F|  |TAMS 0x0000000086a00000, 0x0000000086a00000| Untracked 
| 107|0x0000000086b00000, 0x0000000086b00000, 0x0000000086c00000|  0%| F|  |TAMS 0x0000000086b00000, 0x0000000086b00000| Untracked 
| 108|0x0000000086c00000, 0x0000000086c00000, 0x0000000086d00000|  0%| F|  |TAMS 0x0000000086c00000, 0x0000000086c00000| Untracked 
| 109|0x0000000086d00000, 0x0000000086d00000, 0x0000000086e00000|  0%| F|  |TAMS 0x0000000086d00000, 0x0000000086d00000| Untracked 
| 110|0x0000000086e00000, 0x0000000086e00000, 0x0000000086f00000|  0%| F|  |TAMS 0x0000000086e00000, 0x0000000086e00000| Untracked 
| 111|0x0000000086f00000, 0x0000000086f00000, 0x0000000087000000|  0%| F|  |TAMS 0x0000000086f00000, 0x0000000086f00000| Untracked 
| 112|0x0000000087000000, 0x0000000087000000, 0x0000000087100000|  0%| F|  |TAMS 0x0000000087000000, 0x0000000087000000| Untracked 
| 113|0x0000000087100000, 0x0000000087100000, 0x0000000087200000|  0%| F|  |TAMS 0x0000000087100000, 0x0000000087100000| Untracked 
| 114|0x0000000087200000, 0x0000000087300000, 0x0000000087300000|100%| E|  |TAMS 0x0000000087200000, 0x0000000087200000| Complete 
| 115|0x0000000087300000, 0x0000000087400000, 0x0000000087400000|100%| E|CS|TAMS 0x0000000087300000, 0x0000000087300000| Complete 
| 116|0x0000000087400000, 0x0000000087500000, 0x0000000087500000|100%| E|CS|TAMS 0x0000000087400000, 0x0000000087400000| Complete 
| 117|0x0000000087500000, 0x0000000087600000, 0x0000000087600000|100%| E|CS|TAMS 0x0000000087500000, 0x0000000087500000| Complete 
| 118|0x0000000087600000, 0x0000000087700000, 0x0000000087700000|100%| E|CS|TAMS 0x0000000087600000, 0x0000000087600000| Complete 
| 119|0x0000000087700000, 0x0000000087800000, 0x0000000087800000|100%| E|CS|TAMS 0x0000000087700000, 0x0000000087700000| Complete 
| 120|0x0000000087800000, 0x0000000087900000, 0x0000000087900000|100%| E|CS|TAMS 0x0000000087800000, 0x0000000087800000| Complete 
| 121|0x0000000087900000, 0x0000000087a00000, 0x0000000087a00000|100%| E|CS|TAMS 0x0000000087900000, 0x0000000087900000| Complete 
| 122|0x0000000087a00000, 0x0000000087b00000, 0x0000000087b00000|100%| E|CS|TAMS 0x0000000087a00000, 0x0000000087a00000| Complete 
| 123|0x0000000087b00000, 0x0000000087c00000, 0x0000000087c00000|100%| E|CS|TAMS 0x0000000087b00000, 0x0000000087b00000| Complete 
| 124|0x0000000087c00000, 0x0000000087d00000, 0x0000000087d00000|100%| E|CS|TAMS 0x0000000087c00000, 0x0000000087c00000| Complete 
| 125|0x0000000087d00000, 0x0000000087e00000, 0x0000000087e00000|100%| E|CS|TAMS 0x0000000087d00000, 0x0000000087d00000| Complete 

Card table byte_map: [0x0000023cffa70000,0x0000023cffe70000] _byte_map_base: 0x0000023cff670000

Marking Bits (Prev, Next): (CMBitMap*) 0x0000023cff2a0a10, (CMBitMap*) 0x0000023cff2a09d8
 Prev Bits: [0x0000023c94e40000, 0x0000023c96e40000)
 Next Bits: [0x0000023c92e40000, 0x0000023c94e40000)

Polling page: 0x0000023cfd200000

Metaspace:

Usage:
  Non-class:     24.11 MB capacity,    23.75 MB ( 99%) used,   314.61 KB (  1%) free+waste,    54.06 KB ( <1%) overhead. 
      Class:      3.79 MB capacity,     3.56 MB ( 94%) used,   202.43 KB (  5%) free+waste,    27.13 KB ( <1%) overhead. 
       Both:     27.89 MB capacity,    27.31 MB ( 98%) used,   517.04 KB (  2%) free+waste,    81.19 KB ( <1%) overhead. 

Virtual space:
  Non-class space:       26.00 MB reserved,      24.25 MB ( 93%) committed 
      Class space:        1.00 GB reserved,       3.88 MB ( <1%) committed 
             Both:        1.03 GB reserved,      28.13 MB (  3%) committed 

Chunk freelists:
   Non-Class:  19.00 KB
       Class:  28.00 KB
        Both:  47.00 KB

MaxMetaspaceSize: 17179869184.00 GB
CompressedClassSpaceSize: 1.00 GB
Initial GC threshold: 20.80 MB
Current GC threshold: 35.20 MB
CDS: off

CodeHeap 'non-profiled nmethods': size=120000Kb used=1170Kb max_used=1170Kb free=118829Kb
 bounds [0x0000023c8b510000, 0x0000023c8b780000, 0x0000023c92a40000]
CodeHeap 'profiled nmethods': size=120000Kb used=5074Kb max_used=5074Kb free=114926Kb
 bounds [0x0000023c83fe0000, 0x0000023c844e0000, 0x0000023c8b510000]
CodeHeap 'non-nmethods': size=5760Kb used=1236Kb max_used=1278Kb free=4523Kb
 bounds [0x0000023c83a40000, 0x0000023c83cb0000, 0x0000023c83fe0000]
 total_blobs=2833 nmethods=2331 adapters=414
 compilation: enabled
              stopped_count=0, restarted_count=0
 full_count=0

Compilation events (20 events):
Event: 4.428 Thread 0x0000023c9a0ff000 2305       3       org.gradle.internal.reflect.MutableClassDetails::method (12 bytes)
Event: 4.429 Thread 0x0000023c9a0ff000 nmethod 2305 0x0000023c844be590 code [0x0000023c844be740, 0x0000023c844be908]
Event: 4.429 Thread 0x0000023c9a0ff000 2306       3       org.gradle.internal.reflect.MethodSet::add (50 bytes)
Event: 4.430 Thread 0x0000023c9a0ff000 nmethod 2306 0x0000023c844bea10 code [0x0000023c844bec40, 0x0000023c844bf4b8]
Event: 4.430 Thread 0x0000023c9a0ff000 2308       3       org.gradle.internal.instantiation.generator.AbstractClassGenerator$InjectionAnnotationValidator::validateMethod (166 bytes)
Event: 4.431 Thread 0x0000023c9a0ff000 nmethod 2308 0x0000023c844bf790 code [0x0000023c844bfb00, 0x0000023c844c0ca8]
Event: 4.431 Thread 0x0000023c9a0ff000 2311       3       org.objectweb.asm.Frame::getAbstractTypeFromDescriptor (415 bytes)
Event: 4.432 Thread 0x0000023c9a0ff000 nmethod 2311 0x0000023c844c1390 code [0x0000023c844c1720, 0x0000023c844c31b8]
Event: 4.432 Thread 0x0000023c9a0ff000 2307       3       org.gradle.internal.reflect.MethodSet$MethodKey::<init> (6 bytes)
Event: 4.433 Thread 0x0000023c9a0ff000 nmethod 2307 0x0000023c844c3a90 code [0x0000023c844c3c80, 0x0000023c844c4108]
Event: 4.433 Thread 0x0000023c9a0ff000 2309       3       java.util.regex.Matcher::getTextLength (10 bytes)
Event: 4.433 Thread 0x0000023c9a0ff000 nmethod 2309 0x0000023c844c4290 code [0x0000023c844c4440, 0x0000023c844c4608]
Event: 4.433 Thread 0x0000023c9a0ff000 2310       1       org.objectweb.asm.SymbolTable::getClassName (5 bytes)
Event: 4.433 Thread 0x0000023c9a0ff000 nmethod 2310 0x0000023c8b633f90 code [0x0000023c8b634140, 0x0000023c8b6341f8]
Event: 4.440 Thread 0x0000023c9a0ff000 2312       3       org.gradle.internal.instantiation.generator.AbstractClassGenerator$MethodMetadata::getReturnType (8 bytes)
Event: 4.441 Thread 0x0000023c9a0ff000 nmethod 2312 0x0000023c844c4710 code [0x0000023c844c48c0, 0x0000023c844c49d8]
Event: 4.441 Thread 0x0000023c9a0ff000 2313       1       org.gradle.internal.instantiation.generator.AbstractClassGenerator$MethodMetadata::access$700 (5 bytes)
Event: 4.441 Thread 0x0000023c9a0ff000 nmethod 2313 0x0000023c8b634290 code [0x0000023c8b634440, 0x0000023c8b6344d8]
Event: 4.441 Thread 0x0000023c9a0ff000 2314       3       java.util.regex.Pattern$LastNode::match (45 bytes)
Event: 4.441 Thread 0x0000023c9a0ff000 nmethod 2314 0x0000023c844c4a90 code [0x0000023c844c4c40, 0x0000023c844c4e38]

GC Heap History (8 events):
Event: 0.835 GC heap before
{Heap before GC invocations=0 (full 0):
 garbage-first heap   total 129024K, used 29696K [0x0000000080000000, 0x0000000100000000)
  region size 1024K, 24 young (24576K), 0 survivors (0K)
 Metaspace       used 9808K, capacity 9960K, committed 10112K, reserved 1058816K
  class space    used 1006K, capacity 1069K, committed 1152K, reserved 1048576K
}
Event: 0.841 GC heap after
{Heap after GC invocations=1 (full 0):
 garbage-first heap   total 129024K, used 9602K [0x0000000080000000, 0x0000000100000000)
  region size 1024K, 3 young (3072K), 3 survivors (3072K)
 Metaspace       used 9808K, capacity 9960K, committed 10112K, reserved 1058816K
  class space    used 1006K, capacity 1069K, committed 1152K, reserved 1048576K
}
Event: 2.489 GC heap before
{Heap before GC invocations=1 (full 0):
 garbage-first heap   total 129024K, used 83330K [0x0000000080000000, 0x0000000100000000)
  region size 1024K, 75 young (76800K), 3 survivors (3072K)
 Metaspace       used 17409K, capacity 17687K, committed 17792K, reserved 1064960K
  class space    used 2013K, capacity 2113K, committed 2176K, reserved 1048576K
}
Event: 2.496 GC heap after
{Heap after GC invocations=2 (full 0):
 garbage-first heap   total 129024K, used 16232K [0x0000000080000000, 0x0000000100000000)
  region size 1024K, 10 young (10240K), 10 survivors (10240K)
 Metaspace       used 17409K, capacity 17687K, committed 17792K, reserved 1064960K
  class space    used 2013K, capacity 2113K, committed 2176K, reserved 1048576K
}
Event: 2.941 GC heap before
{Heap before GC invocations=2 (full 0):
 garbage-first heap   total 129024K, used 47976K [0x0000000080000000, 0x0000000100000000)
  region size 1024K, 42 young (43008K), 10 survivors (10240K)
 Metaspace       used 20789K, capacity 21193K, committed 21296K, reserved 1069056K
  class space    used 2525K, capacity 2688K, committed 2688K, reserved 1048576K
}
Event: 2.949 GC heap after
{Heap after GC invocations=3 (full 0):
 garbage-first heap   total 129024K, used 17489K [0x0000000080000000, 0x0000000100000000)
  region size 1024K, 2 young (2048K), 2 survivors (2048K)
 Metaspace       used 20789K, capacity 21193K, committed 21296K, reserved 1069056K
  class space    used 2525K, capacity 2688K, committed 2688K, reserved 1048576K
}
Event: 4.333 GC heap before
{Heap before GC invocations=4 (full 0):
 garbage-first heap   total 129024K, used 77905K [0x0000000080000000, 0x0000000100000000)
  region size 1024K, 61 young (62464K), 2 survivors (2048K)
 Metaspace       used 26882K, capacity 27409K, committed 27520K, reserved 1073152K
  class space    used 3485K, capacity 3704K, committed 3712K, reserved 1048576K
}
Event: 4.337 GC heap after
{Heap after GC invocations=5 (full 0):
 garbage-first heap   total 129024K, used 19476K [0x0000000080000000, 0x0000000100000000)
  region size 1024K, 4 young (4096K), 4 survivors (4096K)
 Metaspace       used 26882K, capacity 27409K, committed 27520K, reserved 1073152K
  class space    used 3485K, capacity 3704K, committed 3712K, reserved 1048576K
}

Deoptimization events (20 events):
Event: 2.912 Thread 0x0000023c9b68b000 Uncommon trap: trap_request=0xffffff4d fr.pc=0x0000023c8b588f84 relative=0x00000000000005c4
Event: 2.912 Thread 0x0000023c9b68b000 Uncommon trap: reason=unstable_if action=reinterpret pc=0x0000023c8b588f84 method=java.io.File.getName()Ljava/lang/String; @ 16 c2
Event: 2.912 Thread 0x0000023c9b68b000 DEOPT PACKING pc=0x0000023c8b588f84 sp=0x00000072ea4faee0
Event: 2.912 Thread 0x0000023c9b68b000 DEOPT UNPACKING pc=0x0000023c83a485af sp=0x00000072ea4faeb0 mode 2
Event: 2.912 Thread 0x0000023c9b68b000 Uncommon trap: trap_request=0xffffff4d fr.pc=0x0000023c8b586e34 relative=0x0000000000000474
Event: 2.912 Thread 0x0000023c9b68b000 Uncommon trap: reason=unstable_if action=reinterpret pc=0x0000023c8b586e34 method=java.lang.String.substring(I)Ljava/lang/String; @ 34 c2
Event: 2.912 Thread 0x0000023c9b68b000 DEOPT PACKING pc=0x0000023c8b586e34 sp=0x00000072ea4fae60
Event: 2.912 Thread 0x0000023c9b68b000 DEOPT UNPACKING pc=0x0000023c83a485af sp=0x00000072ea4fae38 mode 2
Event: 3.027 Thread 0x0000023c9b68b000 Uncommon trap: trap_request=0xffffff4d fr.pc=0x0000023c8b5f6e98 relative=0x0000000000000398
Event: 3.027 Thread 0x0000023c9b68b000 Uncommon trap: reason=unstable_if action=reinterpret pc=0x0000023c8b5f6e98 method=jdk.internal.org.objectweb.asm.Type.getArgumentsAndReturnSizes(Ljava/lang/String;)I @ 88 c2
Event: 3.027 Thread 0x0000023c9b68b000 DEOPT PACKING pc=0x0000023c8b5f6e98 sp=0x00000072ea4f9430
Event: 3.027 Thread 0x0000023c9b68b000 DEOPT UNPACKING pc=0x0000023c83a485af sp=0x00000072ea4f93b8 mode 2
Event: 3.365 Thread 0x0000023c9b68b000 Uncommon trap: trap_request=0xffffff4d fr.pc=0x0000023c8b5659fc relative=0x000000000000023c
Event: 3.365 Thread 0x0000023c9b68b000 Uncommon trap: reason=unstable_if action=reinterpret pc=0x0000023c8b5659fc method=java.util.concurrent.ConcurrentHashMap.get(Ljava/lang/Object;)Ljava/lang/Object; @ 76 c2
Event: 3.365 Thread 0x0000023c9b68b000 DEOPT PACKING pc=0x0000023c8b5659fc sp=0x00000072ea4f85b0
Event: 3.365 Thread 0x0000023c9b68b000 DEOPT UNPACKING pc=0x0000023c83a485af sp=0x00000072ea4f8518 mode 2
Event: 4.054 Thread 0x0000023c9b68b000 Uncommon trap: trap_request=0xffffff4d fr.pc=0x0000023c8b5bbe34 relative=0x0000000000001374
Event: 4.054 Thread 0x0000023c9b68b000 Uncommon trap: reason=unstable_if action=reinterpret pc=0x0000023c8b5bbe34 method=java.util.concurrent.ConcurrentHashMap.putVal(Ljava/lang/Object;Ljava/lang/Object;Z)Ljava/lang/Object; @ 231 c2
Event: 4.055 Thread 0x0000023c9b68b000 DEOPT PACKING pc=0x0000023c8b5bbe34 sp=0x00000072ea4fc4f0
Event: 4.055 Thread 0x0000023c9b68b000 DEOPT UNPACKING pc=0x0000023c83a485af sp=0x00000072ea4fc470 mode 2

Classes redefined (0 events):
No events

Internal exceptions (20 events):
Event: 2.855 Thread 0x0000023c9b68b000 Exception <a 'java/lang/NoSuchMethodError'{0x000000008646a800}: 'java.lang.Object java.lang.invoke.DirectMethodHandle$Holder.invokeSpecial(java.lang.Object, java.lang.Object, java.lang.Object, java.lang.Object, int)'> (0x000000008646a800) thrown at [./src/hotspot/share/interpreter/linkResolver.cpp, line 773]
Event: 2.855 Thread 0x0000023c9b68b000 Exception <a 'java/lang/NoSuchMethodError'{0x000000008646e738}: 'java.lang.Object java.lang.invoke.Invokers$Holder.linkToTargetMethod(java.lang.Object, java.lang.Object, int, java.lang.Object)'> (0x000000008646e738) thrown at [./src/hotspot/share/interpreter/linkResolver.cpp, line 773]
Event: 2.975 Thread 0x0000023c9b68b000 Exception <a 'java/lang/NoSuchMethodError'{0x0000000087dc7498}: 'int java.lang.invoke.DirectMethodHandle$Holder.invokeSpecialIFC(java.lang.Object, java.lang.Object, java.lang.Object, java.lang.Object)'> (0x0000000087dc7498) thrown at [./src/hotspot/share/interpreter/linkResolver.cpp, line 773]
Event: 2.977 Thread 0x0000023c9b68b000 Exception <a 'java/lang/NoSuchMethodError'{0x0000000087dd5450}: 'java.lang.Object java.lang.invoke.DirectMethodHandle$Holder.invokeInterface(java.lang.Object, java.lang.Object, java.lang.Object)'> (0x0000000087dd5450) thrown at [./src/hotspot/share/interpreter/linkResolver.cpp, line 773]
Event: 2.977 Thread 0x0000023c9b68b000 Exception <a 'java/lang/IncompatibleClassChangeError'{0x0000000087dd8928}: Found class java.lang.Object, but interface was expected> (0x0000000087dd8928) thrown at [./src/hotspot/share/interpreter/linkResolver.cpp, line 839]
Event: 3.070 Thread 0x0000023c9b68b000 Exception <a 'java/lang/NoSuchMethodError'{0x000000008756db80}: 'void java.lang.invoke.DirectMethodHandle$Holder.invokeSpecial(java.lang.Object, java.lang.Object, java.lang.Object, java.lang.Object, java.lang.Object)'> (0x000000008756db80) thrown at [./src/hotspot/share/interpreter/linkResolver.cpp, line 773]
Event: 3.107 Thread 0x0000023c9b68b000 Exception <a 'java/lang/NoSuchMethodError'{0x0000000087399758}: 'java.lang.Object java.lang.invoke.DirectMethodHandle$Holder.invokeSpecial(java.lang.Object, java.lang.Object, java.lang.Object, java.lang.Object, java.lang.Object, java.lang.Object, java.lang.Object, java.lang.Object, java.lang.Object)'> (0x0000000087399758) thrown at [./src/hotspot/share/interpreter/linkResolver.cpp, line 773]
Event: 3.227 Thread 0x0000023c9b68b000 Exception <a 'java/lang/NoSuchMethodError'{0x0000000086967118}: 'java.lang.Object java.lang.invoke.DirectMethodHandle$Holder.invokeVirtual(java.lang.Object, java.lang.Object, java.lang.Object, java.lang.Object)'> (0x0000000086967118) thrown at [./src/hotspot/share/interpreter/linkResolver.cpp, line 773]
Event: 3.416 Thread 0x0000023c9b68b000 Exception <a 'java/lang/NoSuchMethodError'{0x00000000863b6618}: 'void java.lang.invoke.DirectMethodHandle$Holder.invokeSpecial(java.lang.Object, java.lang.Object, java.lang.Object, java.lang.Object, java.lang.Object, java.lang.Object)'> (0x00000000863b6618) thrown at [./src/hotspot/share/interpreter/linkResolver.cpp, line 773]
Event: 3.453 Thread 0x0000023c9b68b000 Exception <a 'java/lang/NoSuchMethodError'{0x0000000086225d28}: 'void java.lang.invoke.DirectMethodHandle$Holder.invokeSpecial(java.lang.Object, java.lang.Object, java.lang.Object, java.lang.Object, java.lang.Object, java.lang.Object, java.lang.Object)'> (0x0000000086225d28) thrown at [./src/hotspot/share/interpreter/linkResolver.cpp, line 773]
Event: 3.453 Thread 0x0000023c9b68b000 Exception <a 'java/lang/NoSuchMethodError'{0x000000008622e218}: 'java.lang.Object java.lang.invoke.Invokers$Holder.linkToTargetMethod(java.lang.Object, java.lang.Object, java.lang.Object, java.lang.Object, java.lang.Object, java.lang.Object)'> (0x000000008622e218) thrown at [./src/hotspot/share/interpreter/linkResolver.cpp, line 773]
Event: 3.508 Thread 0x0000023c9b68b000 Exception <a 'java/lang/NoSuchMethodError'{0x00000000861f68f8}: 'java.lang.Object java.lang.invoke.DirectMethodHandle$Holder.invokeVirtual(java.lang.Object, java.lang.Object, java.lang.Object, java.lang.Object, java.lang.Object, java.lang.Object, java.lang.Object, java.lang.Object, java.lang.Object, java.lang.Object, java.lang.Object, java.lang.Object, java.lang.Object, java.lang.Object, java.lang.Object, java.lang.Object, java.lang.Object, java.lang.Object, java.lang.Object, java.lang.Object, java.lang.Ob
Event: 3.685 Thread 0x0000023c9b68b000 Exception <a 'java/lang/NoSuchMethodError'{0x00000000857f6aa0}: 'int java.lang.invoke.DirectMethodHandle$Holder.invokeStaticInit(java.lang.Object, java.lang.Object, java.lang.Object)'> (0x00000000857f6aa0) thrown at [./src/hotspot/share/interpreter/linkResolver.cpp, line 773]
Event: 3.934 Thread 0x0000023c9b68b000 Exception <a 'java/lang/NoSuchMethodError'{0x00000000852a5fa8}: 'void java.lang.invoke.DirectMethodHandle$Holder.invokeStaticInit(java.lang.Object, java.lang.Object)'> (0x00000000852a5fa8) thrown at [./src/hotspot/share/interpreter/linkResolver.cpp, line 773]
Event: 4.076 Thread 0x0000023c9b68b000 Exception <a 'java/lang/NoSuchMethodError'{0x0000000084c1d1f8}: 'void java.lang.invoke.DirectMethodHandle$Holder.invokeStatic(java.lang.Object, java.lang.Object, java.lang.Object, java.lang.Object)'> (0x0000000084c1d1f8) thrown at [./src/hotspot/share/interpreter/linkResolver.cpp, line 773]
Event: 4.096 Thread 0x0000023c9b68b000 Exception <a 'java/lang/NoSuchMethodError'{0x0000000084c3c380}: 'int java.lang.invoke.DirectMethodHandle$Holder.invokeVirtual(java.lang.Object, java.lang.Object)'> (0x0000000084c3c380) thrown at [./src/hotspot/share/interpreter/linkResolver.cpp, line 773]
Event: 4.099 Thread 0x0000023c9b68b000 Exception <a 'java/lang/NoSuchMethodError'{0x0000000084c54f10}: 'java.lang.Object java.lang.invoke.DirectMethodHandle$Holder.invokeVirtual(java.lang.Object, java.lang.Object, java.lang.Object)'> (0x0000000084c54f10) thrown at [./src/hotspot/share/interpreter/linkResolver.cpp, line 773]
Event: 4.107 Thread 0x0000023c9b68b000 Exception <a 'java/lang/NoSuchMethodError'{0x0000000084cb3be8}: 'int java.lang.invoke.DirectMethodHandle$Holder.invokeVirtual(java.lang.Object, java.lang.Object, java.lang.Object)'> (0x0000000084cb3be8) thrown at [./src/hotspot/share/interpreter/linkResolver.cpp, line 773]
Event: 4.136 Thread 0x0000023c9b68b000 Exception <a 'java/lang/NoSuchMethodError'{0x0000000084a7caa0}: 'void java.lang.invoke.DirectMethodHandle$Holder.invokeSpecial(java.lang.Object, java.lang.Object)'> (0x0000000084a7caa0) thrown at [./src/hotspot/share/interpreter/linkResolver.cpp, line 773]
Event: 4.382 Thread 0x0000023c9b68b000 Exception <a 'java/lang/NoSuchMethodError'{0x00000000879c1178}: 'java.lang.Object java.lang.invoke.DirectMethodHandle$Holder.invokeSpecialIFC(java.lang.Object, java.lang.Object, java.lang.Object, java.lang.Object)'> (0x00000000879c1178) thrown at [./src/hotspot/share/interpreter/linkResolver.cpp, line 773]

Events (20 events):
Event: 4.436 loading class org/gradle/api/internal/DefaultNamedDomainObjectSet
Event: 4.436 loading class org/gradle/api/internal/DefaultNamedDomainObjectSet done
Event: 4.436 loading class org/gradle/api/internal/DefaultNamedDomainObjectCollection
Event: 4.436 loading class org/gradle/api/internal/DefaultNamedDomainObjectCollection done
Event: 4.438 loading class org/gradle/internal/metaobject/MethodMixIn
Event: 4.438 loading class org/gradle/internal/metaobject/MethodMixIn done
Event: 4.438 loading class org/gradle/internal/metaobject/PropertyMixIn
Event: 4.438 loading class org/gradle/internal/metaobject/PropertyMixIn done
Event: 4.438 loading class org/gradle/api/internal/DefaultDomainObjectCollection
Event: 4.438 loading class org/gradle/api/internal/DefaultDomainObjectCollection done
Event: 4.439 loading class org/gradle/api/internal/WithEstimatedSize
Event: 4.439 loading class org/gradle/api/internal/WithEstimatedSize done
Event: 4.440 loading class org/gradle/api/initialization/dsl/VersionCatalogBuilder
Event: 4.440 loading class org/gradle/api/initialization/dsl/VersionCatalogBuilder done
Event: 4.440 loading class org/gradle/api/initialization/resolve/RepositoriesMode
Event: 4.440 loading class org/gradle/api/initialization/resolve/RepositoriesMode done
Event: 4.440 loading class org/gradle/api/initialization/resolve/RulesMode
Event: 4.440 loading class org/gradle/api/initialization/resolve/RulesMode done
Event: 4.441 loading class javax/annotation/meta/When
Event: 4.441 loading class javax/annotation/meta/When done


Dynamic libraries:
0x00007ff7a9e00000 - 0x00007ff7a9e0a000 	C:\Program Files\Android\Android Studio\jre\bin\java.exe
0x00007fff437b0000 - 0x00007fff439a8000 	C:\Windows\SYSTEM32\ntdll.dll
0x00007fff418c0000 - 0x00007fff4197d000 	C:\Windows\System32\KERNEL32.DLL
0x00007fff40ed0000 - 0x00007fff4119e000 	C:\Windows\System32\KERNELBASE.dll
0x00007fff41670000 - 0x00007fff41770000 	C:\Windows\System32\ucrtbase.dll
0x00007ffec9400000 - 0x00007ffec9419000 	C:\Program Files\Android\Android Studio\jre\bin\jli.dll
0x00007fff42950000 - 0x00007fff42af0000 	C:\Windows\System32\USER32.dll
0x00007fff2e530000 - 0x00007fff2e7ca000 	C:\Windows\WinSxS\amd64_microsoft.windows.common-controls_6595b64144ccf1df_6.0.19041.1110_none_60b5254171f9507e\COMCTL32.dll
0x00007fff41500000 - 0x00007fff41522000 	C:\Windows\System32\win32u.dll
0x00007fff42240000 - 0x00007fff4226a000 	C:\Windows\System32\GDI32.dll
0x00007fff41380000 - 0x00007fff4148b000 	C:\Windows\System32\gdi32full.dll
0x00007fff41770000 - 0x00007fff4180d000 	C:\Windows\System32\msvcp_win.dll
0x00007fff42ca0000 - 0x00007fff42d3e000 	C:\Windows\System32\msvcrt.dll
0x00007ffec9360000 - 0x00007ffec9377000 	C:\Program Files\Android\Android Studio\jre\bin\VCRUNTIME140.dll
0x00007fff41ec0000 - 0x00007fff41ef0000 	C:\Windows\System32\IMM32.DLL
0x00007ffec4960000 - 0x00007ffec49fd000 	C:\Program Files\Android\Android Studio\jre\bin\msvcp140.dll
0x00007ffec20e0000 - 0x00007ffec2be2000 	C:\Program Files\Android\Android Studio\jre\bin\server\jvm.dll
0x00007fff41810000 - 0x00007fff418be000 	C:\Windows\System32\ADVAPI32.dll
0x00007fff435c0000 - 0x00007fff4365c000 	C:\Windows\System32\sechost.dll
0x00007fff420a0000 - 0x00007fff421c5000 	C:\Windows\System32\RPCRT4.dll
0x00007fff43490000 - 0x00007fff43498000 	C:\Windows\System32\PSAPI.DLL
0x00007fff27840000 - 0x00007fff27849000 	C:\Windows\SYSTEM32\WSOCK32.dll
0x00007fff43550000 - 0x00007fff435bb000 	C:\Windows\System32\WS2_32.dll
0x00007fff3e220000 - 0x00007fff3e247000 	C:\Windows\SYSTEM32\WINMM.dll
0x00007fff31f10000 - 0x00007fff31f1a000 	C:\Windows\SYSTEM32\VERSION.dll
0x00007fff3f740000 - 0x00007fff3f752000 	C:\Windows\SYSTEM32\kernel.appcore.dll
0x00007fff2e3b0000 - 0x00007fff2e3c1000 	C:\Program Files\Android\Android Studio\jre\bin\verify.dll
0x00007fff3e990000 - 0x00007fff3eb74000 	C:\Windows\SYSTEM32\DBGHELP.DLL
0x00007fff3e1d0000 - 0x00007fff3e1fc000 	C:\Windows\SYSTEM32\dbgcore.DLL
0x00007fff415e0000 - 0x00007fff41662000 	C:\Windows\System32\bcryptPrimitives.dll
0x00007fff16b70000 - 0x00007fff16b99000 	C:\Program Files\Android\Android Studio\jre\bin\java.dll
0x00007fff2e3a0000 - 0x00007fff2e3ab000 	C:\Program Files\Android\Android Studio\jre\bin\jimage.dll
0x00007fff2e140000 - 0x00007fff2e158000 	C:\Program Files\Android\Android Studio\jre\bin\zip.dll
0x00007fff42d40000 - 0x00007fff43483000 	C:\Windows\System32\SHELL32.dll
0x00007fff3efa0000 - 0x00007fff3f735000 	C:\Windows\SYSTEM32\windows.storage.dll
0x00007fff41ae0000 - 0x00007fff41e34000 	C:\Windows\System32\combase.dll
0x00007fff40930000 - 0x00007fff40960000 	C:\Windows\SYSTEM32\Wldp.dll
0x00007fff434a0000 - 0x00007fff4354d000 	C:\Windows\System32\SHCORE.dll
0x00007fff426e0000 - 0x00007fff42735000 	C:\Windows\System32\shlwapi.dll
0x00007fff40e10000 - 0x00007fff40e2f000 	C:\Windows\SYSTEM32\profapi.dll
0x00007fff115f0000 - 0x00007fff1160a000 	C:\Program Files\Android\Android Studio\jre\bin\net.dll
0x00007fff3bb80000 - 0x00007fff3bc8a000 	C:\Windows\SYSTEM32\WINHTTP.dll
0x00007fff40690000 - 0x00007fff406fa000 	C:\Windows\system32\mswsock.dll
0x00007fff115d0000 - 0x00007fff115e4000 	C:\Program Files\Android\Android Studio\jre\bin\nio.dll
0x00007ffefaad0000 - 0x00007ffefaaf7000 	C:\Users\Lenovo\.gradle\native\e1d6ef7f7dcc3fd88c89a11ec53ec762bb8ba0a96d01ffa2cd45eb1d1d8dd5c5\windows-amd64\native-platform.dll
0x00007ffec43c0000 - 0x00007ffec4504000 	C:\Users\Lenovo\.gradle\native\0d407fdbe67a94daf76414ababcb853783967236a71b16ec16e742cd7a986fd3\windows-amd64\native-platform-file-events.dll
0x00007fff16b60000 - 0x00007fff16b6a000 	C:\Program Files\Android\Android Studio\jre\bin\management.dll
0x00007fff15130000 - 0x00007fff1513d000 	C:\Program Files\Android\Android Studio\jre\bin\management_ext.dll
0x00007fff40880000 - 0x00007fff40898000 	C:\Windows\SYSTEM32\CRYPTSP.dll
0x00007fff3ffa0000 - 0x00007fff3ffd4000 	C:\Windows\system32\rsaenh.dll
0x00007fff41350000 - 0x00007fff41377000 	C:\Windows\System32\bcrypt.dll
0x00007fff40d90000 - 0x00007fff40dbe000 	C:\Windows\SYSTEM32\USERENV.dll
0x00007fff408a0000 - 0x00007fff408ac000 	C:\Windows\SYSTEM32\CRYPTBASE.dll
0x00007fff40330000 - 0x00007fff4036b000 	C:\Windows\SYSTEM32\IPHLPAPI.DLL
0x00007fff42940000 - 0x00007fff42948000 	C:\Windows\System32\NSI.dll
0x00007fff3a1a0000 - 0x00007fff3a1b7000 	C:\Windows\SYSTEM32\dhcpcsvc6.DLL
0x00007fff3a180000 - 0x00007fff3a19d000 	C:\Windows\SYSTEM32\dhcpcsvc.DLL
0x00007fff40370000 - 0x00007fff4043a000 	C:\Windows\SYSTEM32\DNSAPI.dll

dbghelp: loaded successfully - version: 4.0.5 - missing functions: none
symbol engine: initialized successfully - sym options: 0x614 - pdb path: .;C:\Program Files\Android\Android Studio\jre\bin;C:\Windows\SYSTEM32;C:\Windows\WinSxS\amd64_microsoft.windows.common-controls_6595b64144ccf1df_6.0.19041.1110_none_60b5254171f9507e;C:\Program Files\Android\Android Studio\jre\bin\server;C:\Users\Lenovo\.gradle\native\e1d6ef7f7dcc3fd88c89a11ec53ec762bb8ba0a96d01ffa2cd45eb1d1d8dd5c5\windows-amd64;C:\Users\Lenovo\.gradle\native\0d407fdbe67a94daf76414ababcb853783967236a71b16ec16e742cd7a986fd3\windows-amd64

VM Arguments:
jvm_args: --add-opens=java.base/java.util=ALL-UNNAMED --add-opens=java.base/java.lang=ALL-UNNAMED --add-opens=java.base/java.lang.invoke=ALL-UNNAMED --add-opens=java.base/java.util=ALL-UNNAMED --add-opens=java.prefs/java.util.prefs=ALL-UNNAMED --add-opens=java.prefs/java.util.prefs=ALL-UNNAMED --add-opens=java.base/java.nio.charset=ALL-UNNAMED --add-opens=java.base/java.net=ALL-UNNAMED --add-opens=java.base/java.util.concurrent.atomic=ALL-UNNAMED -Xmx2048m -Dfile.encoding=UTF-8 -Duser.country=US -Duser.language=en -Duser.variant 
java_command: org.gradle.launcher.daemon.bootstrap.GradleDaemon 7.4
java_class_path (initial): C:\Users\Lenovo\.gradle\wrapper\dists\gradle-7.4-bin\c0gwcg53nkjbqw7r0h0umtfvt\gradle-7.4\lib\gradle-launcher-7.4.jar
Launcher Type: SUN_STANDARD

[Global flags]
     intx CICompilerCount                          = 4                                         {product} {ergonomic}
     uint ConcGCThreads                            = 2                                         {product} {ergonomic}
     uint G1ConcRefinementThreads                  = 8                                         {product} {ergonomic}
   size_t G1HeapRegionSize                         = 1048576                                   {product} {ergonomic}
    uintx GCDrainStackTargetSize                   = 64                                        {product} {ergonomic}
   size_t InitialHeapSize                          = 132120576                                 {product} {ergonomic}
   size_t MarkStackSize                            = 4194304                                   {product} {ergonomic}
   size_t MaxHeapSize                              = 2147483648                                {product} {command line}
   size_t MaxNewSize                               = 1287651328                                {product} {ergonomic}
   size_t MinHeapDeltaBytes                        = 1048576                                   {product} {ergonomic}
    uintx NonNMethodCodeHeapSize                   = 5836300                                {pd product} {ergonomic}
    uintx NonProfiledCodeHeapSize                  = 122910970                              {pd product} {ergonomic}
    uintx ProfiledCodeHeapSize                     = 122910970                              {pd product} {ergonomic}
    uintx ReservedCodeCacheSize                    = 251658240                              {pd product} {ergonomic}
     bool SegmentedCodeCache                       = true                                      {product} {ergonomic}
     bool UseCompressedClassPointers               = true                                 {lp64_product} {ergonomic}
     bool UseCompressedOops                        = true                                 {lp64_product} {ergonomic}
     bool UseG1GC                                  = true                                      {product} {ergonomic}
     bool UseLargePagesIndividualAllocation        = false                                  {pd product} {ergonomic}

Logging:
Log output configuration:
 #0: stdout all=warning uptime,level,tags
 #1: stderr all=off uptime,level,tags

Environment Variables:
PATH=C:\Program Files\Common Files\Oracle\Java\javapath;C:\Program Files (x86)\VMware\VMware Player\bin\;C:\Program Files\Eclipse Foundation\jdk-8.0.302.8-hotspot\bin;C:\Program Files (x86)\Common Files\Oracle\Java\javapath;C:\Windows\system32;C:\Windows;C:\Windows\System32\Wbem;C:\Windows\System32\WindowsPowerShell\v1.0\;C:\Windows\System32\OpenSSH\;C:\Program Files\Microsoft SQL Server\130\Tools\Binn\;C:\Program Files\Microsoft SQL Server\Client SDK\ODBC\170\Tools\Binn\;C:\Program Files (x86)\Microsoft SQL Server\150\Tools\Binn\;C:\Program Files\Microsoft SQL Server\150\Tools\Binn\;C:\Program Files\Microsoft SQL Server\150\DTS\Binn\;C:\Program Files (x86)\Microsoft SQL Server\150\DTS\Binn\;C:\Program Files\Azure Data Studio\bin;C:\Program Files\dotnet\;C:\Program Files (x86)\dotnet\;C:\Program Files\nodejs\;C:\Program Files\Git\cmd;C:\Program Files\apache-maven-3.8.6\bin;C:\Users\Lenovo\AppData\Local\Microsoft\WindowsApps;C:\Users\Lenovo\AppData\Local\Programs\Microsoft VS Code\bin;C:\Program Files\Azure Data Studio\bin;C:\Users\Lenovo\.dotnet\tools;C:\Users\Lenovo\AppData\Roaming\npm;C:\Users\Lenovo\AppData\Local\GitHubDesktop\bin;C:\Program Files\JetBrains\IntelliJ IDEA 2022.2.1\bin;;C:\Program Files\JetBrains\IntelliJ IDEA Community Edition 2022.2.2\bin;
USERNAME=Nowsher
OS=Windows_NT
PROCESSOR_IDENTIFIER=Intel64 Family 6 Model 140 Stepping 1, GenuineIntel



---------------  S Y S T E M  ---------------

OS: Windows 10 , 64 bit Build 19041 (10.0.19041.1889)
OS uptime: 0 days 0:03 hours

CPU:total 8 (initial active 8) (4 cores per cpu, 2 threads per core) family 6 model 140 stepping 1 microcode 0x9a, cmov, cx8, fxsr, mmx, sse, sse2, sse3, ssse3, sse4.1, sse4.2, popcnt, avx, avx2, aes, clmul, erms, 3dnowpref, lzcnt, ht, tsc, tscinvbit, bmi1, bmi2, adx, evex, sha, fma

Memory: 4k page, system-wide physical 7991M (133M free)
TotalPageFile size 9991M (AvailPageFile size 2M)
current process WorkingSet (physical memory assigned to process): 208M, peak: 211M
current process commit charge ("private bytes"): 280M, peak: 281M

vm_info: OpenJDK 64-Bit Server VM (11.0.13+0-b1751.21-8125866) for windows-amd64 JRE (11.0.13+0-b1751.21-8125866), built on Feb  2 2022 03:00:22 by "builder" with MS VC++ 14.0 (VS2015)

END.
